<?xml version="1.0" encoding="UTF-8"?>
<!-- Generated by org.testng.reporters.JUnitReportReporter -->
<testsuite hostname="AMY-HP360" failures="0" tests="8" name="testProjectPackage.TestNG4" time="0.021" errors="0" timestamp="2022-01-20T16:11:07 IST" skipped="0">
  <testcase classname="testProjectPackage.TestNG4" name="b" time="0.005"/>
  <system-out/>
  <testcase classname="testProjectPackage.TestNG4" name="a" time="0.004"/>
  <system-out/>
  <testcase classname="testProjectPackage.TestNG4" name="z" time="0.001"/>
  <system-out/>
  <testcase classname="testProjectPackage.TestNG4" name="s" time="0.003"/>
  <system-out/>
  <testcase classname="testProjectPackage.TestNG4" name="e" time="0.003"/>
  <system-out/>
  <testcase classname="testProjectPackage.TestNG4" name="a3" time="0.003"/>
  <system-out/>
  <testcase classname="testProjectPackage.TestNG4" name="f" time="0.001"/>
  <system-out/>
  <testcase classname="testProjectPackage.TestNG4" name="d" time="0.001"/>
  <system-out/>
</testsuite> <!-- testProjectPackage.TestNG4 -->
