<?xml version="1.0" encoding="UTF-8"?>
<!-- Generated by org.testng.reporters.JUnitReportReporter -->
<testsuite hostname="AMY-HP360" failures="0" tests="1" name="com.facebook.tests.LoginTest" time="2.735" errors="0" timestamp="2022-02-22T12:55:47 IST" skipped="0">
  <testcase classname="com.facebook.tests.LoginTest" name="doLoginTest" time="2.735"/>
  <system-out/>
</testsuite> <!-- com.facebook.tests.LoginTest -->
