<?xml version="1.0" encoding="UTF-8"?>
<!-- Generated by org.testng.reporters.JUnitReportReporter -->
<testsuite hostname="AMY-HP360" failures="0" tests="1" name="testProjectPackage.TestNG2" time="0.010" errors="0" timestamp="2022-01-20T16:11:07 IST" skipped="0">
  <testcase classname="testProjectPackage.TestNG2" name="assertionCheck" time="0.010"/>
  <system-out/>
</testsuite> <!-- testProjectPackage.TestNG2 -->
