<?xml version="1.0" encoding="UTF-8"?>
<!-- Generated by org.testng.reporters.JUnitReportReporter -->
<testsuite hostname="AMY-HP360" failures="0" tests="4" name="testProjectPackage.TestNG3" time="0.030" errors="0" timestamp="2022-01-20T16:11:07 IST" skipped="0">
  <testcase classname="testProjectPackage.TestNG3" name="z" time="0.006"/>
  <system-out/>
  <testcase classname="testProjectPackage.TestNG3" name="a1" time="0.009"/>
  <system-out/>
  <testcase classname="testProjectPackage.TestNG3" name="a3" time="0.005"/>
  <system-out/>
  <testcase classname="testProjectPackage.TestNG3" name="b" time="0.010"/>
  <system-out/>
</testsuite> <!-- testProjectPackage.TestNG3 -->
