<?xml version="1.0" encoding="UTF-8"?>
<!-- Generated by org.testng.reporters.JUnitReportReporter -->
<testsuite hostname="AMY-HP360" failures="0" tests="2" name="testProjectPackage.TestNG1" time="0.009" errors="0" timestamp="2022-01-20T16:11:07 IST" skipped="0">
  <testcase classname="testProjectPackage.TestNG1" name="a2" time="0.001"/>
  <system-out/>
  <testcase classname="testProjectPackage.TestNG1" name="a1" time="0.008"/>
  <system-out/>
</testsuite> <!-- testProjectPackage.TestNG1 -->
