<?xml version="1.0" encoding="UTF-8"?>
<!-- Generated by org.testng.reporters.JUnitReportReporter -->
<testsuite hostname="AMY-HP360" failures="0" tests="1" name="testProjectPackage.TestNG8" time="0.000" errors="0" timestamp="2022-01-31T21:52:14 IST" skipped="1">
  <testcase classname="testProjectPackage.TestNG8" name="enterCred" time="0.000">
    <skipped/>
  </testcase> <!-- enterCred -->
  <system-out/>
</testsuite> <!-- testProjectPackage.TestNG8 -->
