<?xml version="1.0" encoding="UTF-8"?>
<!-- Generated by org.testng.reporters.JUnitReportReporter -->
<testsuite hostname="AMY-HP360" failures="0" tests="4" name="testProjectPackage.TestNG6" time="0.019" errors="0" timestamp="2022-01-20T16:11:07 IST" skipped="1">
  <testcase classname="testProjectPackage.TestNG6" name="c" time="0.007"/>
  <system-out/>
  <testcase classname="testProjectPackage.TestNG6" name="a" time="0.006"/>
  <system-out/>
  <testcase classname="testProjectPackage.TestNG6" name="c" time="0.006"/>
  <system-out/>
  <testcase classname="testProjectPackage.TestNG6" name="b">
    <skipped/>
  </testcase> <!-- b -->
  <system-out/>
</testsuite> <!-- testProjectPackage.TestNG6 -->
