<?xml version="1.0" encoding="UTF-8"?>
<!-- Generated by org.testng.reporters.JUnitReportReporter -->
<testsuite hostname="AMY-HP360" failures="0" tests="1" name="testProjectPackage.Assertion1" time="15.880" errors="0" timestamp="2022-02-12T00:34:42 IST" skipped="0">
  <testcase classname="testProjectPackage.Assertion1" name="testCase1" time="15.880"/>
  <system-out/>
</testsuite> <!-- testProjectPackage.Assertion1 -->
