<?xml version="1.0" encoding="UTF-8"?>
<!-- Generated by org.testng.reporters.JUnitReportReporter -->
<testsuite hostname="AMY-HP360" failures="0" tests="4" name="testProjectPackage.TestNG5" time="0.013" errors="0" timestamp="2022-01-20T16:11:07 IST" skipped="2">
  <testcase classname="testProjectPackage.TestNG5" name="c" time="0.006"/>
  <system-out/>
  <testcase classname="testProjectPackage.TestNG5" name="e" time="0.001">
    <skipped/>
  </testcase> <!-- e -->
  <system-out/>
  <testcase classname="testProjectPackage.TestNG5" name="c" time="0.006"/>
  <system-out/>
  <testcase classname="testProjectPackage.TestNG5" name="b">
    <skipped/>
  </testcase> <!-- b -->
  <system-out/>
</testsuite> <!-- testProjectPackage.TestNG5 -->
